1575428357028	mozrunner::runner	INFO	Running command: "C:\\Program Files\\Mozilla Firefox\\firefox.exe" "-marionette" "-foreground" "-no-remote" "-profile" "C:\\Users\\AARONY~1\\AppData\\Local\\Temp\\rust_mozprofilekUNJuY"
1575428358126	addons.webextension.screenshots@mozilla.org	WARN	Loading extension 'screenshots@mozilla.org': Reading manifest: Invalid extension permission: mozillaAddons
1575428358126	addons.webextension.screenshots@mozilla.org	WARN	Loading extension 'screenshots@mozilla.org': Reading manifest: Invalid extension permission: telemetry
1575428358126	addons.webextension.screenshots@mozilla.org	WARN	Loading extension 'screenshots@mozilla.org': Reading manifest: Invalid extension permission: resource://pdf.js/
1575428358126	addons.webextension.screenshots@mozilla.org	WARN	Loading extension 'screenshots@mozilla.org': Reading manifest: Invalid extension permission: about:reader*
JavaScript error: resource://gre/modules/XULStore.jsm, line 66: Error: Can't find profile directory.
1575428360267	Marionette	INFO	Listening on port 62881
1575428360342	Marionette	WARN	TLS certificate errors will be ignored for this session
[Child 16152, Chrome_ChildThread] WARNING: pipe error: 109: file z:/task_1572401533/build/src/ipc/chromium/src/chrome/common/ipc_channel_win.cc, line 341
[C[Child 16h15i2ld 4768, Chrome_ChildThread] WARNING: pipe error: 109: file z:/task_1572401533/build/src/ipc/chromium/src/chrome/common/ipc_channel_win.cc, line 341
[Child [Parent 9480, Gecko_IOThread] WARNING: pipe error: 109: file z:/task_1572401533/build/src/ipc/chromium/src/chrome/common/ipc_channel_win.cc, line 341
[Child 4828, Chrome_ChildThread] WARNING: pipe error: 109: file z:/task_1572401533/build/src/ipc/chromium/src/chrome/common/ipc_channel_win.cc, line 341
[Child 4828, Chrom1575428370789	Marionette	INFO	Stopped listening on port 62881
[GPU 1
###!!! [Child][MessageChannel::SendAndWait] Error: Channel error: cannot send/recv

1575430161276	mozrunner::runner	INFO	Running command: "C:\\Program Files\\Mozilla Firefox\\firefox.exe" "-marionette" "-foreground" "-no-remote" "-profile" "C:\\Users\\AARONY~1\\AppData\\Local\\Temp\\rust_mozprofile8ArYw5"
1575430178047	mozrunner::runner	INFO	Running command: "C:\\Program Files\\Mozilla Firefox\\firefox.exe" "-marionette" "-foreground" "-no-remote" "-profile" "C:\\Users\\AARONY~1\\AppData\\Local\\Temp\\rust_mozprofilejYjJgV"
1575430178459	addons.webextension.screenshots@mozilla.org	WARN	Loading extension 'screenshots@mozilla.org': Reading manifest: Invalid extension permission: mozillaAddons
1575430178459	addons.webextension.screenshots@mozilla.org	WARN	Loading extension 'screenshots@mozilla.org': Reading manifest: Invalid extension permission: telemetry
1575430178460	addons.webextension.screenshots@mozilla.org	WARN	Loading extension 'screenshots@mozilla.org': Reading manifest: Invalid extension permission: resource://pdf.js/
1575430178460	addons.webextension.screenshots@mozilla.org	WARN	Loading extension 'screenshots@mozilla.org': Reading manifest: Invalid extension permission: about:reader*
JavaScript error: resource://gre/modules/XULStore.jsm, line 66: Error: Can't find profile directory.
1575430180100	Marionette	INFO	Listening on port 63603
1575430180160	Marionette	WARN	TLS certificate errors will be ignored for this session
[Child 16508, Chrome_ChildThread] WARNING: pipe error: 109: file z:/task_1575282935/build/src/ipc/chromium/src/chrome/common/ipc_channel_win.cc, line 341
[Child 16508, Ch[Parent 17428, Gecko_IOThread] WARNING: pipe error: 109: file z:/task_1575282935/build/src/ipc/chromium/src/chrome/common/ipc_channel_win.cc, line 341
1575430200859	Marionette	INFO	Stopped listening on port 63603

###!!! [Child][RunMessage] Error: Channel closing: too late to send/recv, messages will be lost

[GPU 
###!!! [Child][MessageChannel::SendAndWait] Error: Channel error: cannot send/recv

1575441306840	mozrunner::runner	INFO	Running command: "C:\\Program Files\\Mozilla Firefox\\firefox.exe" "-marionette" "-foreground" "-no-remote" "-profile" "C:\\Users\\AARONY~1\\AppData\\Local\\Temp\\rust_mozprofilethSVU9"
1575441307263	addons.webextension.screenshots@mozilla.org	WARN	Loading extension 'screenshots@mozilla.org': Reading manifest: Invalid extension permission: mozillaAddons
1575441307263	addons.webextension.screenshots@mozilla.org	WARN	Loading extension 'screenshots@mozilla.org': Reading manifest: Invalid extension permission: telemetry
1575441307263	addons.webextension.screenshots@mozilla.org	WARN	Loading extension 'screenshots@mozilla.org': Reading manifest: Invalid extension permission: resource://pdf.js/
1575441307263	addons.webextension.screenshots@mozilla.org	WARN	Loading extension 'screenshots@mozilla.org': Reading manifest: Invalid extension permission: about:reader*
JavaScript error: resource://gre/modules/XULStore.jsm, line 66: Error: Can't find profile directory.
1575441308672	Marionette	INFO	Listening on port 52468
1575441308981	Marionette	WARN	TLS certificate errors will be ignored for this session
JavaScript error: resource://gre/modules/XULStore.jsm, line 66: Error: Can't find profile directory.
[Child 15180, Chrome_ChildThread] WARNING: pipe error: 109: file z:/task_1575282935/build/src/ipc/chromium/src/chrome/common/ipc_channel_win.cc, line 341
[Child 15180, Chrome[Parent 8184, Gecko_IOThread] WARNING: pipe error: 109: file z:/task_1575282935/build/src/ipc/chromium/src/chrome/common/ipc_channel_win.cc, line 341
[Ch1575441353859	Marionette	INFO	Stopped listening on port 52468

###!!! [Child][RunMessage] Error: Channel closing: too late to send/recv, messages will be lost

[GPU 11984,
###!!! [Child][MessageChannel::SendAndWait] Error: Channel error: cannot send/recv

on.screenshots@mozilla.org	WARN	Loading extension 'screenshots@mozilla.org': Reading manifest: Invalid extension permission: resource://pdf.js/
1575441345104	addons.webextension.screenshots@mozilla.org	WARN	Loading extension 'screenshots@mozilla.org': Reading manifest: Invalid extension permission: about:reader*
JavaScript error: resource://gre/modules/XULStore.jsm, line 66: Error: Can't find profile directory.
1575441346711	Marionette	INFO	Listening on port 52505
1575441346810	Marionette	WARN	TLS certificate errors will be ignored for this session
[Child 20316, Chrome_ChildThread[Parent 20824, Gecko_IOThread] WARNING: pipe error: 109: fil]e  z:/task_1575282935/build/src/ipc/chromium/src/chrome/common/ipc_channel_win.cc, line 341W
ARNING: pipe error: 109: file z:/task_1575282935/build/src/ipc/chromium/src/chrome/common/ipc_channel_win.cc, line 341
[Child 20316, Chrome_Chi[Parent 20824, Gecko_IOThread] WARNING: pipe error: 109: file z:/task_1575282935/build/src/ipc/chromium/src/chrome/common/ipc_channel_win.cc, line 341
[Child 13344, Chrome_ChildThread] WARNING: pipe error: 109: file z:/task_1575282935/build/src/ipc/chromium/src/chrome/common/ipc_channel_win.cc, line 341
[Child 13344, C1575441352833	Marionette	INFO	Stopped listening on port 52505

###!!! [Child][RunMessage] Error: Channel closing: too late to send/recv, messages will be lost

[GPU 18360, Ch
###!!! [Child][MessageChannel::SendAndWait] Error: Channel error: cannot send/recv

1575511897543	mozrunner::runner	INFO	Running command: "C:\\Program Files\\Mozilla Firefox\\firefox.exe" "-marionette" "-foreground" "-no-remote" "-profile" "C:\\Users\\AARONY~1\\AppData\\Local\\Temp\\rust_mozprofileuOXdgQ"
1575511898043	addons.webextension.screenshots@mozilla.org	WARN	Loading extension 'screenshots@mozilla.org': Reading manifest: Invalid extension permission: mozillaAddons
1575511898043	addons.webextension.screenshots@mozilla.org	WARN	Loading extension 'screenshots@mozilla.org': Reading manifest: Invalid extension permission: telemetry
1575511898043	addons.webextension.screenshots@mozilla.org	WARN	Loading extension 'screenshots@mozilla.org': Reading manifest: Invalid extension permission: resource://pdf.js/
1575511898043	addons.webextension.screenshots@mozilla.org	WARN	Loading extension 'screenshots@mozilla.org': Reading manifest: Invalid extension permission: about:reader*
JavaScript error: resource://gre/modules/XULStore.jsm, line 66: Error: Can't find profile directory.
1575511899794	Marionette	INFO	Listening on port 52649
1575511899857	Marionette	WARN	TLS certificate errors will be ignored for this session
[Parent 4448, Gecko_IOThread] WARNING: pipe error: 109: file z:/task_1575282935/build/src/ipc/chromium/src/chrome/common/ipc_channel_win.cc, line 341
[Parent 4448, Gecko_IOThread] WARNING: pipe error: 109: file z:/task_1575282935/build/src/ipc/chromium/src/chrome/common/ipc_channel_win.cc, line 341
[Child 1480, Chrome_ChildThread] WARNING: pipe error: 109: file z:/task_1575282935/build/src/ipc/chromium/src/chrome/common/ipc_channel_win.cc, line 341
[Child 1480, Chrome_ChildThread] WARNING: pipe error: 109: file z:/[Child 4988, Chrome_ChildThread] WARNING: pipe error: 109: file z:/task_1575282935/build/src/ipc/chromium/src/chrome/common/ipc_channel_win.cc, line 341
[Child 4988, Chrome_ChildThread] WARNING: p[Parent 4448, Gecko_IOThread] WARNING: pipe error: 109: file z:/task_1575282935/build/src/ipc/chromium/src/chrome/common/ipc_channel_win.cc, line 341
1575540895063	Marionette	INFO	Stopped listening on port 52649

###!!! [Child][MessageChannel::SendAndWait] Error: Channel error: cannot send/recv

8	Marionette	INFO	Listening on port 53181
1575512636813	Marionette	WARN	TLS certificate errors will be ignored for this session
1575512637243	Marionette	INFO	Stopped listening on port 53181
[Parent 7140, Gecko_IOThread] WARNING: pipe error: 109: file z:/task_1575282935/build/src/ipc/chromium/src/chrome/common/ipc_channel_win.cc, line 341
[Child 7220, Chrome_ChildThread] WARNING: pipe error: 109: file z:/task_1575282935/build/src/ipc/chromium/src/chrome/common/ipc_channel_win.cc, line 341
[Child 7220, ChrJavaScript error: resource://gre/modules/Sqlite.jsm, line 912: Error: Connection is not open.
JavaScript error: resource://gre/modules/Sqlite.jsm, line 912: Error: Connection is not open.

###!!! [Child][RunMessage] Error: Channel closing: too late to send/recv, messages will be lost

[GPU 1
###!!! [Child][MessageChannel::SendAndWait] Error: Channel error: cannot send/recv

1575860185029	mozrunner::runner	INFO	Running command: "C:\\Program Files\\Mozilla Firefox\\firefox.exe" "-marionette" "-foreground" "-no-remote" "-profile" "C:\\Users\\AARONY~1\\AppData\\Local\\Temp\\rust_mozprofile224Oam"
1575860185510	addons.webextension.screenshots@mozilla.org	WARN	Loading extension 'screenshots@mozilla.org': Reading manifest: Invalid extension permission: mozillaAddons
1575860185510	addons.webextension.screenshots@mozilla.org	WARN	Loading extension 'screenshots@mozilla.org': Reading manifest: Invalid extension permission: telemetry
1575860185510	addons.webextension.screenshots@mozilla.org	WARN	Loading extension 'screenshots@mozilla.org': Reading manifest: Invalid extension permission: resource://pdf.js/
1575860185510	addons.webextension.screenshots@mozilla.org	WARN	Loading extension 'screenshots@mozilla.org': Reading manifest: Invalid extension permission: about:reader*
JavaScript error: resource://gre/modules/XULStore.jsm, line 66: Error: Can't find profile directory.
1575860187343	Marionette	INFO	Listening on port 58278
1575860187802	Marionette	WARN	TLS certificate errors will be ignored for this session
JavaScript error: resource://gre/modules/XULStore.jsm, line 66: Error: Can't find profile directory.
1575860189250	Marionette	INFO	Stopped listening on port 58278
[Child 21120, Chrome_ChildThread] WARNING: pipe error: 109: file z:/task_1575282935/build/src/ipc/chromium/src/chrome/common/ipc_channel_win.cc, line 341
[Child 21120, Chrome[GPU 113
###!!! [Child][RunMessage] Error: Channel closing: too late to send/recv, messages will be lost


###!!! [Child][MessageChannel::SendAndWait] Error: Channel error: cannot send/recv

1575861914886	mozrunner::runner	INFO	Running command: "C:\\Program Files\\Mozilla Firefox\\firefox.exe" "-marionette" "-foreground" "-no-remote" "-profile" "C:\\Users\\AARONY~1\\AppData\\Local\\Temp\\rust_mozprofilekkCfFe"
1575861915328	addons.webextension.screenshots@mozilla.org	WARN	Loading extension 'screenshots@mozilla.org': Reading manifest: Invalid extension permission: mozillaAddons
1575861915328	addons.webextension.screenshots@mozilla.org	WARN	Loading extension 'screenshots@mozilla.org': Reading manifest: Invalid extension permission: telemetry
1575861915329	addons.webextension.screenshots@mozilla.org	WARN	Loading extension 'screenshots@mozilla.org': Reading manifest: Invalid extension permission: resource://pdf.js/
1575861915329	addons.webextension.screenshots@mozilla.org	WARN	Loading extension 'screenshots@mozilla.org': Reading manifest: Invalid extension permission: about:reader*
JavaScript error: resource://gre/modules/XULStore.jsm, line 66: Error: Can't find profile directory.
1575861916751	Marionette	INFO	Listening on port 59273
1575861917005	Marionette	WARN	TLS certificate errors will be ignored for this session
1575861918454	Marionette	INFO	Stopped listening on port 59273
JavaScript error: resource://gre/modules/XULStore.jsm, line 66: Error: Can't find profile directory.
[Child 12852, Chrome_ChildThread] WARNING: pipe error: 109: file z:/task_1575282935/build/src/ipc/chromium/src/chrome/common/ipc_channel_win.cc, line 341
[Child 12852,[
###!!! [Child][RunMessage] Error: Channel closing: too late to send/recv, messages will be lost

[GPU 947
###!!! [Child][MessageChannel::SendAndWait] Error: Channel error: cannot send/recv

1575862270438	mozrunner::runner	INFO	Running command: "C:\\Program Files\\Mozilla Firefox\\firefox.exe" "-marionette" "-foreground" "-no-remote" "-profile" "C:\\Users\\AARONY~1\\AppData\\Local\\Temp\\rust_mozprofilejoi8rJ"
1575862270856	addons.webextension.screenshots@mozilla.org	WARN	Loading extension 'screenshots@mozilla.org': Reading manifest: Invalid extension permission: mozillaAddons
1575862270856	addons.webextension.screenshots@mozilla.org	WARN	Loading extension 'screenshots@mozilla.org': Reading manifest: Invalid extension permission: telemetry
1575862270856	addons.webextension.screenshots@mozilla.org	WARN	Loading extension 'screenshots@mozilla.org': Reading manifest: Invalid extension permission: resource://pdf.js/
1575862270856	addons.webextension.screenshots@mozilla.org	WARN	Loading extension 'screenshots@mozilla.org': Reading manifest: Invalid extension permission: about:reader*
JavaScript error: resource://gre/modules/XULStore.jsm, line 66: Error: Can't find profile directory.
1575862272131	Marionette	INFO	Listening on port 59367
1575862272566	Marionette	WARN	TLS certificate errors will be ignored for this session
1575862273996	Marionette	INFO	Stopped listening on port 59367
JavaScript error: resource://gre/modules/XULStore.jsm, line 66: Error: Can't find profile directory.
[Parent 11568, Gecko_IOThread] WARNING: pipe error: 109: file z:/task_1575282935/build/src/ipc/chromium/src/chrome/common/ipc_channel_win.cc, line 341
[Child 17508, Chrome_ChildThread] WARNING: pipe error: 109: file z:/task_1575282935/build/src/ipc/chromium/src/chrome/common/ipc_channel_win.cc, line 341
[Child 1750[Child 16840, Chrome_ChildThread] WARNING: pipe error: 109: file z:/task_1575282935/build/src/ipc/chromium/src/chrome/common/ipc_channel_win.cc, line 341
[Child 16840, Chrome[
###!!! [Child][RunMessage] Error: Channel closing: too late to send/recv, messages will be lost

[GPU 5824, 
###!!! [Child][MessageChannel::SendAndWait] Error: Channel error: cannot send/recv

1575862435336	mozrunner::runner	INFO	Running command: "C:\\Program Files\\Mozilla Firefox\\firefox.exe" "-marionette" "-foreground" "-no-remote" "-profile" "C:\\Users\\AARONY~1\\AppData\\Local\\Temp\\rust_mozprofile8gcee2"
1575862435685	addons.webextension.screenshots@mozilla.org	WARN	Loading extension 'screenshots@mozilla.org': Reading manifest: Invalid extension permission: mozillaAddons
1575862435685	addons.webextension.screenshots@mozilla.org	WARN	Loading extension 'screenshots@mozilla.org': Reading manifest: Invalid extension permission: telemetry
1575862435685	addons.webextension.screenshots@mozilla.org	WARN	Loading extension 'screenshots@mozilla.org': Reading manifest: Invalid extension permission: resource://pdf.js/
1575862435686	addons.webextension.screenshots@mozilla.org	WARN	Loading extension 'screenshots@mozilla.org': Reading manifest: Invalid extension permission: about:reader*
JavaScript error: resource://gre/modules/XULStore.jsm, line 66: Error: Can't find profile directory.
1575862436988	Marionette	INFO	Listening on port 59461
1575862437453	Marionette	WARN	TLS certificate errors will be ignored for this session
1575862437964	Marionette	INFO	Stopped listening on port 59461
[Child 15040, Chrome_ChildThread] WARNING: pipe error: 109: file z:/task_1575282935/build/src/ipc/chromium/src/chrome/common/ipc_channel_win.cc, line 341
[Child 15040, Chrome[Child 7104, Chrome_ChildThread] WARNING: pipe error: 109: file z:/task_1575282935/build/src/ipc/chromium/src/chrome/common/ipc_channel_win.cc, line 341
[Child 7104, Chr[Parent 16896, Gecko_IOThread] WARNING: pipe error: 109: file z:/task_1575282935/build/src/ipc/chromium/src/chrome/common/ipc_channel_win.cc, line 341

###!!! [Child][RunMessage] Error: Channel closing: too late to send/recv, messages will be lost

[GPU 11588
###!!! [Child][MessageChannel::SendAndWait] Error: Channel error: cannot send/recv

1575866190530	mozrunner::runner	INFO	Running command: "C:\\Program Files\\Mozilla Firefox\\firefox.exe" "-marionette" "-foreground" "-no-remote" "-profile" "C:\\Users\\AARONY~1\\AppData\\Local\\Temp\\rust_mozprofile1664kh"
1575866190962	addons.webextension.screenshots@mozilla.org	WARN	Loading extension 'screenshots@mozilla.org': Reading manifest: Invalid extension permission: mozillaAddons
1575866190962	addons.webextension.screenshots@mozilla.org	WARN	Loading extension 'screenshots@mozilla.org': Reading manifest: Invalid extension permission: telemetry
1575866190962	addons.webextension.screenshots@mozilla.org	WARN	Loading extension 'screenshots@mozilla.org': Reading manifest: Invalid extension permission: resource://pdf.js/
1575866190962	addons.webextension.screenshots@mozilla.org	WARN	Loading extension 'screenshots@mozilla.org': Reading manifest: Invalid extension permission: about:reader*
JavaScript error: resource://gre/modules/XULStore.jsm, line 66: Error: Can't find profile directory.
1575866192240	Marionette	INFO	Listening on port 60693
1575866192649	Marionette	WARN	TLS certificate errors will be ignored for this session
1575866193056	Marionette	INFO	Stopped listening on port 60693
[Child 10404, Chrome_ChildThread] WARNING: pipe error: 109: file z:/task_1575282935/build/src/ipc/chromium/src/chrome/common/ipc_channel_win.cc, line 341
[Child 10404, Chrome_JavaScript error: resource://gre/modules/Sqlite.jsm, line 912: Error: Connection is not open.
JavaScript error: resource://gre/modules/Sqlite.jsm, line 912: Error: Connection is not open.

###!!! [Child][RunMessage] Error: Channel closing: too late to send/recv, messages will be lost

[GPU 
###!!! [Child][MessageChannel::SendAndWait] Error: Channel error: cannot send/recv

1575866600449	mozrunner::runner	INFO	Running command: "C:\\Program Files\\Mozilla Firefox\\firefox.exe" "-marionette" "-foreground" "-no-remote" "-profile" "C:\\Users\\AARONY~1\\AppData\\Local\\Temp\\rust_mozprofilevmanfN"
1575866600823	addons.webextension.screenshots@mozilla.org	WARN	Loading extension 'screenshots@mozilla.org': Reading manifest: Invalid extension permission: mozillaAddons
1575866600823	addons.webextension.screenshots@mozilla.org	WARN	Loading extension 'screenshots@mozilla.org': Reading manifest: Invalid extension permission: telemetry
1575866600823	addons.webextension.screenshots@mozilla.org	WARN	Loading extension 'screenshots@mozilla.org': Reading manifest: Invalid extension permission: resource://pdf.js/
1575866600823	addons.webextension.screenshots@mozilla.org	WARN	Loading extension 'screenshots@mozilla.org': Reading manifest: Invalid extension permission: about:reader*
JavaScript error: resource://gre/modules/XULStore.jsm, line 66: Error: Can't find profile directory.
1575866602134	Marionette	INFO	Listening on port 60810
1575866602561	Marionette	WARN	TLS certificate errors will be ignored for this session
1575866602994	Marionette	INFO	Stopped listening on port 60810
[Child 15336, Chrome_ChildThread] WARNING: pipe error: 109: file z:/task_1575282935/build/src/ipc/chromium/src/chrome/common/ipc_channel_win.cc, line 341
[Child 15336, Ch
###!!! [Child][RunMessage] Error: Channel closing: too late to send/recv, messages will be lost

[GPU 14716, C
###!!! [Child][MessageChannel::SendAndWait] Error: Channel error: cannot send/recv

1575866899228	mozrunner::runner	INFO	Running command: "C:\\Program Files\\Mozilla Firefox\\firefox.exe" "-marionette" "-foreground" "-no-remote" "-profile" "C:\\Users\\AARONY~1\\AppData\\Local\\Temp\\rust_mozprofile2rXZV9"
1575866899635	addons.webextension.screenshots@mozilla.org	WARN	Loading extension 'screenshots@mozilla.org': Reading manifest: Invalid extension permission: mozillaAddons
1575866899635	addons.webextension.screenshots@mozilla.org	WARN	Loading extension 'screenshots@mozilla.org': Reading manifest: Invalid extension permission: telemetry
1575866899635	addons.webextension.screenshots@mozilla.org	WARN	Loading extension 'screenshots@mozilla.org': Reading manifest: Invalid extension permission: resource://pdf.js/
1575866899635	addons.webextension.screenshots@mozilla.org	WARN	Loading extension 'screenshots@mozilla.org': Reading manifest: Invalid extension permission: about:reader*
JavaScript error: resource://gre/modules/XULStore.jsm, line 66: Error: Can't find profile directory.
1575866900893	Marionette	INFO	Listening on port 60885
1575866901340	Marionette	WARN	TLS certificate errors will be ignored for this session
1575866902843	Marionette	INFO	Stopped listening on port 60885
[Child 14924, Chrome_ChildThread] WARNING: pipe error: 109: file z:/task_1575282935/build/src/ipc/chromium/src/chrome/common/ipc_channel_win.cc, line 341
[Child 14924, Ch[Parent 16748, Gecko_IOThread] WARNING: pipe error: 109: file z:/task_1575282935/build/src/ipc/chromium/src/chrome/common/ipc_channel_win.cc, line 341
[Parent 16748, Gecko_IOThread] WARNING: pipe error: 109: file z:/task_1575282935/build/src/ipc/chromium/src/chrome/common/ipc_channel_win.cc, line 341

###!!! [Child][RunMessage] Error: Channel closing: too late to send/recv, messages will be lost

[GPU 206
###!!! [Child][MessageChannel::SendAndWait] Error: Channel error: cannot send/recv

1575872544269	mozrunner::runner	INFO	Running command: "C:\\Program Files\\Mozilla Firefox\\firefox.exe" "-marionette" "-foreground" "-no-remote" "-profile" "C:\\Users\\AARONY~1\\AppData\\Local\\Temp\\rust_mozprofileD1DwuK"
1575872544633	addons.webextension.screenshots@mozilla.org	WARN	Loading extension 'screenshots@mozilla.org': Reading manifest: Invalid extension permission: mozillaAddons
1575872544633	addons.webextension.screenshots@mozilla.org	WARN	Loading extension 'screenshots@mozilla.org': Reading manifest: Invalid extension permission: telemetry
1575872544633	addons.webextension.screenshots@mozilla.org	WARN	Loading extension 'screenshots@mozilla.org': Reading manifest: Invalid extension permission: resource://pdf.js/
1575872544633	addons.webextension.screenshots@mozilla.org	WARN	Loading extension 'screenshots@mozilla.org': Reading manifest: Invalid extension permission: about:reader*
JavaScript error: resource://gre/modules/XULStore.jsm, line 66: Error: Can't find profile directory.
1575872546086	Marionette	INFO	Listening on port 62354
1575872546392	Marionette	WARN	TLS certificate errors will be ignored for this session
1575872547912	Marionette	INFO	Stopped listening on port 62354
[Child 9104, Chrome_ChildThread] WARNING: pipe error: 109: file z:/task_1575282935/build/src/ipc/chromium/src/chrome/common/ipc_channel_win.cc, line 341
[Child 9104, Chro[Child 10896, Chrome_ChildThread] WARNING: pipe error: 109: file z:/task_1575282935/build/src/ipc/chromium/src/chrome/common/ipc_channel_win.cc, line 341
[Child 1089[
###!!! [Child][RunMessage] Error: Channel closing: too late to send/recv, messages will be lost

[GPU 513
###!!! [Child][MessageChannel::SendAndWait] Error: Channel error: cannot send/recv

1575873794200	mozrunner::runner	INFO	Running command: "C:\\Program Files\\Mozilla Firefox\\firefox.exe" "-marionette" "-foreground" "-no-remote" "-profile" "C:\\Users\\AARONY~1\\AppData\\Local\\Temp\\rust_mozprofileOZeg2u"
1575873794606	addons.webextension.screenshots@mozilla.org	WARN	Loading extension 'screenshots@mozilla.org': Reading manifest: Invalid extension permission: mozillaAddons
1575873794606	addons.webextension.screenshots@mozilla.org	WARN	Loading extension 'screenshots@mozilla.org': Reading manifest: Invalid extension permission: telemetry
1575873794607	addons.webextension.screenshots@mozilla.org	WARN	Loading extension 'screenshots@mozilla.org': Reading manifest: Invalid extension permission: resource://pdf.js/
1575873794607	addons.webextension.screenshots@mozilla.org	WARN	Loading extension 'screenshots@mozilla.org': Reading manifest: Invalid extension permission: about:reader*
JavaScript error: resource://gre/modules/XULStore.jsm, line 66: Error: Can't find profile directory.
1575873796134	Marionette	INFO	Listening on port 62668
1575873796320	Marionette	WARN	TLS certificate errors will be ignored for this session
1575873797724	Marionette	INFO	Stopped listening on port 62668
JavaScript error: resource://gre/modules/XULStore.jsm, line 66: Error: Can't find profile directory.
[Child 9088, Chrome_ChildThread] WARNING: pipe error: 109: file z:/task_1575282935/build/src/ipc/chromium/src/chrome/common/ipc_channel_win.cc, line 341
JavaScript erro[r: resource://gre/modules/UrlClassifierListManager.jsm, line 680: TypeError: this.tablesData[table] is undefined
[Child 10852, Chrome_ChildThread] WARNING: pipe error: 109: file z:/task_1575282935/build/src/ipc/chromium/src/chrome/common/ipc_channel_win.cc, line 341
[Child 10852, Chrome_
###!!! [Child][RunMessage] Error: Channel closing: too late to send/recv, messages will be lost

[GPU 169
###!!! [Child][MessageChannel::SendAndWait] Error: Channel error: cannot send/recv

1575873830626	mozrunner::runner	INFO	Running command: "C:\\Program Files\\Mozilla Firefox\\firefox.exe" "-marionette" "-foreground" "-no-remote" "-profile" "C:\\Users\\AARONY~1\\AppData\\Local\\Temp\\rust_mozprofilecV9jnZ"
1575873831041	addons.webextension.screenshots@mozilla.org	WARN	Loading extension 'screenshots@mozilla.org': Reading manifest: Invalid extension permission: mozillaAddons
1575873831041	addons.webextension.screenshots@mozilla.org	WARN	Loading extension 'screenshots@mozilla.org': Reading manifest: Invalid extension permission: telemetry
1575873831042	addons.webextension.screenshots@mozilla.org	WARN	Loading extension 'screenshots@mozilla.org': Reading manifest: Invalid extension permission: resource://pdf.js/
1575873831042	addons.webextension.screenshots@mozilla.org	WARN	Loading extension 'screenshots@mozilla.org': Reading manifest: Invalid extension permission: about:reader*
JavaScript error: resource://gre/modules/XULStore.jsm, line 66: Error: Can't find profile directory.
1575873832567	Marionette	INFO	Listening on port 62718
1575873832741	Marionette	WARN	TLS certificate errors will be ignored for this session
1575873843320	Marionette	INFO	Stopped listening on port 62718
[Child 16380, Chrome_ChildThread] WARNING: pipe error: 109: file z:/task_1575282935/build/src/ipc/chromium/src/chrome/common/ipc_channel_win.cc, line 341
[Child 16380,[Child 19720, Chrome_ChildThread] WARNING: pipe error: 109: file z:/task_1575282935/build/src/ipc/chromium/src/chrome/common/ipc_channel_win.cc, line 341
[Child 19720, Chro[GPU 120
###!!! [Child][RunMessage] Error: Channel closing: too late to send/recv, messages will be lost


###!!! [Child][MessageChannel::SendAndWait] Error: Channel error: cannot send/recv

1575876525791	mozrunner::runner	INFO	Running command: "C:\\Program Files\\Mozilla Firefox\\firefox.exe" "-marionette" "-foreground" "-no-remote" "-profile" "C:\\Users\\AARONY~1\\AppData\\Local\\Temp\\rust_mozprofileiTiZQ3"
1575876526156	addons.webextension.screenshots@mozilla.org	WARN	Loading extension 'screenshots@mozilla.org': Reading manifest: Invalid extension permission: mozillaAddons
1575876526156	addons.webextension.screenshots@mozilla.org	WARN	Loading extension 'screenshots@mozilla.org': Reading manifest: Invalid extension permission: telemetry
1575876526156	addons.webextension.screenshots@mozilla.org	WARN	Loading extension 'screenshots@mozilla.org': Reading manifest: Invalid extension permission: resource://pdf.js/
1575876526156	addons.webextension.screenshots@mozilla.org	WARN	Loading extension 'screenshots@mozilla.org': Reading manifest: Invalid extension permission: about:reader*
JavaScript error: resource://gre/modules/XULStore.jsm, line 66: Error: Can't find profile directory.
1575876527441	Marionette	INFO	Listening on port 63346
1575876527908	Marionette	WARN	TLS certificate errors will be ignored for this session
1575876538437	Marionette	INFO	Stopped listening on port 63346
[Parent 5440, Gecko_IOThread] WARNING: pipe error: 109: file z:/task_1575282935/build/src/ipc/chromium/src/chrome/common/ipc_channel_win.cc, line 341
[Parent 5440, Gecko_IOThread] WARNING: pipe error: 109: file z:/task_1575282935/build/src/ipc/chromium/src/chrome/common/ipc_channel_win.cc, line 341

###!!! [Child][RunMessage] Error: Channel closing: too late to send/recv, messages will be lost

[GPU 102
###!!! [Child][MessageChannel::SendAndWait] Error: Channel error: cannot send/recv

1575876639904	mozrunner::runner	INFO	Running command: "C:\\Program Files\\Mozilla Firefox\\firefox.exe" "-marionette" "-foreground" "-no-remote" "-profile" "C:\\Users\\AARONY~1\\AppData\\Local\\Temp\\rust_mozprofileURxfcY"
1575876640260	addons.webextension.screenshots@mozilla.org	WARN	Loading extension 'screenshots@mozilla.org': Reading manifest: Invalid extension permission: mozillaAddons
1575876640261	addons.webextension.screenshots@mozilla.org	WARN	Loading extension 'screenshots@mozilla.org': Reading manifest: Invalid extension permission: telemetry
1575876640261	addons.webextension.screenshots@mozilla.org	WARN	Loading extension 'screenshots@mozilla.org': Reading manifest: Invalid extension permission: resource://pdf.js/
1575876640261	addons.webextension.screenshots@mozilla.org	WARN	Loading extension 'screenshots@mozilla.org': Reading manifest: Invalid extension permission: about:reader*
JavaScript error: resource://gre/modules/XULStore.jsm, line 66: Error: Can't find profile directory.
1575876641568	Marionette	INFO	Listening on port 63390
1575876642034	Marionette	WARN	TLS certificate errors will be ignored for this session
1575876643543	Marionette	INFO	Stopped listening on port 63390
[Child 18040, Chrome_ChildThread] WARNING: pipe error: 109: file z:/task_1575282935/build/src/ipc/chromium/src/chrome/common/ipc_channel_win.cc, line 341
[Child 18040, Chr[Child 15328, Chrome_ChildThread] WARNING: pipe error: 109: file z:/task_1575282935/build/src/ipc/chromium/src/chrome/common/ipc_channel_win.cc, line 341
[Child 15328, Chrome_ChildThread] WA
###!!! [Child][RunMessage] Error: Channel closing: too late to send/recv, messages will be lost

[GPU 7492,
###!!! [Child][MessageChannel::SendAndWait] Error: Channel error: cannot send/recv

1575878121765	mozrunner::runner	INFO	Running command: "C:\\Program Files\\Mozilla Firefox\\firefox.exe" "-marionette" "-foreground" "-no-remote" "-profile" "C:\\Users\\AARONY~1\\AppData\\Local\\Temp\\rust_mozprofile4rhta7"
1575878122151	addons.webextension.screenshots@mozilla.org	WARN	Loading extension 'screenshots@mozilla.org': Reading manifest: Invalid extension permission: mozillaAddons
1575878122151	addons.webextension.screenshots@mozilla.org	WARN	Loading extension 'screenshots@mozilla.org': Reading manifest: Invalid extension permission: telemetry
1575878122151	addons.webextension.screenshots@mozilla.org	WARN	Loading extension 'screenshots@mozilla.org': Reading manifest: Invalid extension permission: resource://pdf.js/
1575878122152	addons.webextension.screenshots@mozilla.org	WARN	Loading extension 'screenshots@mozilla.org': Reading manifest: Invalid extension permission: about:reader*
JavaScript error: resource://gre/modules/XULStore.jsm, line 66: Error: Can't find profile directory.
1575878123570	Marionette	INFO	Listening on port 63906
1575878123885	Marionette	WARN	TLS certificate errors will be ignored for this session
1575878125445	Marionette	INFO	Stopped listening on port 63906
[Child 4124, Chrome_ChildThread] WARNING: pipe error: 109: file z:/task_1575282935/build/src/ipc/chromium/src/chrome/common/ipc_channel_win.cc, line 341
[Child 4124, Ch[Chi
###!!! [Child][RunMessage] Error: Channel closing: too late to send/recv, messages will be lost

[GPU 5616,
###!!! [Child][MessageChannel::SendAndWait] Error: Channel error: cannot send/recv

1575881063889	mozrunner::runner	INFO	Running command: "C:\\Program Files\\Mozilla Firefox\\firefox.exe" "-marionette" "-foreground" "-no-remote" "-profile" "C:\\Users\\AARONY~1\\AppData\\Local\\Temp\\rust_mozprofilemj8K3w"
1575881064297	addons.webextension.screenshots@mozilla.org	WARN	Loading extension 'screenshots@mozilla.org': Reading manifest: Invalid extension permission: mozillaAddons
1575881064297	addons.webextension.screenshots@mozilla.org	WARN	Loading extension 'screenshots@mozilla.org': Reading manifest: Invalid extension permission: telemetry
1575881064297	addons.webextension.screenshots@mozilla.org	WARN	Loading extension 'screenshots@mozilla.org': Reading manifest: Invalid extension permission: resource://pdf.js/
1575881064297	addons.webextension.screenshots@mozilla.org	WARN	Loading extension 'screenshots@mozilla.org': Reading manifest: Invalid extension permission: about:reader*
JavaScript error: resource://gre/modules/XULStore.jsm, line 66: Error: Can't find profile directory.
1575881065943	Marionette	INFO	Listening on port 65225
1575881066006	Marionette	WARN	TLS certificate errors will be ignored for this session
1575881067664	Marionette	INFO	Stopped listening on port 65225
[Parent 19248, Gecko_IOThread] WARNING: pipe error: 109: file z:/task_1575282935/build/src/ipc/chromium/src/chrome/common/ipc_channel_win.cc, line 341
[Child 8808, Chrome_ChildThread] WARNING: pipe error: 109: file z:/task_1575282935/build/src/ipc/chromium/src/chrome/common/ipc_channel_win.cc, line 341
[Child 8808, Chr[1575881067786	addons.xpi	WARN	Addon with ID amazondotcom@search.mozilla.org already installed, older version will be disabled
1575881067786	addons.xpi-utils	WARN	Error: XPI database modified after shutdown began(resource://gre/modules/addons/XPIDatabase.jsm:1478:17) JS Stack trace: saveChanges@XPIDatabase.jsm:1478:17
makeAddonVisible@XPIDatabase.jsm:2281:10
addToDatabase@XPIDatabase.jsm:2208:12
install@XPIInstall.jsm:4343:27
update@XPIProvider.jsm:2042:13
1575881067786	addons.xpi-utils	WARN	Error: XPI database modified after shutdown began(resource://gre/modules/addons/XPIDatabase.jsm:1478:17) JS Stack trace: saveChanges@XPIDatabase.jsm:1478:17
addToDatabase@XPIDatabase.jsm:2211:10
install@XPIInstall.jsm:4343:27
update@XPIProvider.jsm:2042:13
1575881067807	addons.xpi	WARN	Addon with ID bing@search.mozilla.org already installed, older version will be disabled
1575881067807	addons.xpi-utils	WARN	Error: XPI database modified after shutdown began(resource://gre/modules/addons/XPIDatabase.jsm:1478:17) JS Stack trace: saveChanges@XPIDatabase.jsm:1478:17
makeAddonVisible@XPIDatabase.jsm:2281:10
addToDatabase@XPIDatabase.jsm:2208:12
install@XPIInstall.jsm:4343:27
update@XPIProvider.jsm:2042:13
1575881067807	addons.xpi-utils	WARN	Error: XPI database modified after shutdown began(resource://gre/modules/addons/XPIDatabase.jsm:1478:17) JS Stack trace: saveChanges@XPIDatabase.jsm:1478:17
addToDatabase@XPIDatabase.jsm:2211:10
install@XPIInstall.jsm:4343:27
update@XPIProvider.jsm:2042:13
1575881067821	addons.xpi	WARN	Addon with ID google@search.mozilla.org already installed, older version will be disabled
1575881067821	addons.xpi-utils	WARN	Error: XPI database modified after shutdown began(resource://gre/modules/addons/XPIDatabase.jsm:1478:17) JS Stack trace: saveChanges@XPIDatabase.jsm:1478:17
makeAddonVisible@XPIDatabase.jsm:2281:10
addToDatabase@XPIDatabase.jsm:2208:12
install@XPIInstall.jsm:4343:27
update@XPIProvider.jsm:2042:13
1575881067821	addons.xpi-utils	WARN	Error: XPI database modified after shutdown began(resource://gre/modules/addons/XPIDatabase.jsm:1478:17) JS Stack trace: saveChanges@XPIDatabase.jsm:1478:17
addToDatabase@XPIDatabase.jsm:2211:10
install@XPIInstall.jsm:4343:27
update@XPIProvider.jsm:2042:13
[Child 8856, Chrome_ChildThread] WARNING: pipe error: 109: file z:/task_1575282935/build/src/ipc/chromium/src/chrome/common/ipc_channel_win.cc, line 341
[Child 8856, Chrome_ChildThrJavaScript error: resource://gre/modules/Sqlite.jsm, line 912: Error: Connection is not open.
JavaScript error: resource://gre/modules/Sqlite.jsm, line 912: Error: Connection is not open.

###!!! [Child][RunMessage] Error: Channel closing: too late to send/recv, messages will be lost

[GPU 440
###!!! [Child][MessageChannel::SendAndWait] Error: Channel error: cannot send/recv

1575882306668	mozrunner::runner	INFO	Running command: "C:\\Program Files\\Mozilla Firefox\\firefox.exe" "-marionette" "-foreground" "-no-remote" "-profile" "C:\\Users\\AARONY~1\\AppData\\Local\\Temp\\rust_mozprofileU57Jjz"
1575882307053	addons.webextension.screenshots@mozilla.org	WARN	Loading extension 'screenshots@mozilla.org': Reading manifest: Invalid extension permission: mozillaAddons
1575882307054	addons.webextension.screenshots@mozilla.org	WARN	Loading extension 'screenshots@mozilla.org': Reading manifest: Invalid extension permission: telemetry
1575882307054	addons.webextension.screenshots@mozilla.org	WARN	Loading extension 'screenshots@mozilla.org': Reading manifest: Invalid extension permission: resource://pdf.js/
1575882307054	addons.webextension.screenshots@mozilla.org	WARN	Loading extension 'screenshots@mozilla.org': Reading manifest: Invalid extension permission: about:reader*
JavaScript error: resource://gre/modules/XULStore.jsm, line 66: Error: Can't find profile directory.
1575882308748	Marionette	INFO	Listening on port 49422
1575882308791	Marionette	WARN	TLS certificate errors will be ignored for this session
1575882310263	Marionette	INFO	Stopped listening on port 49422
JavaScript error: resource://gre/modules/UrlClassifierListManager.jsm, line 680: TypeError: this.tablesData[table] is undefined
[Child 5476, Chrome_ChildThread] WARNING: pipe error: 109: file z:/task_1575282935/build/src/ipc/chromium/src/chrome/common/ipc_channel_win.cc, line 341
[Child 5476,[Child 9772, Chrome_ChildThread] WARNING: pipe error: 109: file z:/task_1575282935/build/src/ipc/chromium/src/chrome/common/ipc_channel_win.cc, line 341
[Child 9772, Chrome_C1575882310403	addons.xpi	WARN	Addon with ID amazondotcom@search.mozilla.org already installed, older version will be disabled
1575882310403	addons.xpi-utils	WARN	Error: XPI database modified after shutdown began(resource://gre/modules/addons/XPIDatabase.jsm:1478:17) JS Stack trace: saveChanges@XPIDatabase.jsm:1478:17
makeAddonVisible@XPIDatabase.jsm:2281:10
addToDatabase@XPIDatabase.jsm:2208:12
install@XPIInstall.jsm:4343:27
update@XPIProvider.jsm:2042:13
1575882310403	addons.xpi-utils	WARN	Error: XPI database modified after shutdown began(resource://gre/modules/addons/XPIDatabase.jsm:1478:17) JS Stack trace: saveChanges@XPIDatabase.jsm:1478:17
addToDatabase@XPIDatabase.jsm:2211:10
install@XPIInstall.jsm:4343:27
update@XPIProvider.jsm:2042:13
1575882310425	addons.xpi	WARN	Addon with ID bing@search.mozilla.org already installed, older version will be disabled
1575882310426	addons.xpi-utils	WARN	Error: XPI database modified after shutdown began(resource://gre/modules/addons/XPIDatabase.jsm:1478:17) JS Stack trace: saveChanges@XPIDatabase.jsm:1478:17
makeAddonVisible@XPIDatabase.jsm:2281:10
addToDatabase@XPIDatabase.jsm:2208:12
install@XPIInstall.jsm:4343:27
update@XPIProvider.jsm:2042:13
1575882310426	addons.xpi-utils	WARN	Error: XPI database modified after shutdown began(resource://gre/modules/addons/XPIDatabase.jsm:1478:17) JS Stack trace: saveChanges@XPIDatabase.jsm:1478:17
addToDatabase@XPIDatabase.jsm:2211:10
install@XPIInstall.jsm:4343:27
update@XPIProvider.jsm:2042:13
1575882310440	addons.xpi	WARN	Addon with ID google@search.mozilla.org already installed, older version will be disabled
1575882310441	addons.xpi-utils	WARN	Error: XPI database modified after shutdown began(resource://gre/modules/addons/XPIDatabase.jsm:1478:17) JS Stack trace: saveChanges@XPIDatabase.jsm:1478:17
makeAddonVisible@XPIDatabase.jsm:2281:10
addToDatabase@XPIDatabase.jsm:2208:12
install@XPIInstall.jsm:4343:27
update@XPIProvider.jsm:2042:13
1575882310441	addons.xpi-utils	WARN	Error: XPI database modified after shutdown began(resource://gre/modules/addons/XPIDatabase.jsm:1478:17) JS Stack trace: saveChanges@XPIDatabase.jsm:1478:17
addToDatabase@XPIDatabase.jsm:2211:10
install@XPIInstall.jsm:4343:27
update@XPIProvider.jsm:2042:13
1575882310460	addons.xpi	WARN	Addon with ID twitter@search.mozilla.org already installed, older version will be disabled
1575882310460	addons.xpi-utils	WARN	Error: XPI database modified after shutdown began(resource://gre/modules/addons/XPIDatabase.jsm:1478:17) JS Stack trace: saveChanges@XPIDatabase.jsm:1478:17
makeAddonVisible@XPIDatabase.jsm:2281:10
addToDatabase@XPIDatabase.jsm:2208:12
install@XPIInstall.jsm:4343:27
update@XPIProvider.jsm:2042:13
1575882310460	addons.xpi-utils	WARN	Error: XPI database modified after shutdown began(resource://gre/modules/addons/XPIDatabase.jsm:1478:17) JS Stack trace: saveChanges@XPIDatabase.jsm:1478:17
addToDatabase@XPIDatabase.jsm:2211:10
install@XPIInstall.jsm:4343:27
update@XPIProvider.jsm:2042:13
1575882310493	addons.xpi	WARN	Addon with ID wikipedia@search.mozilla.org already installed, older version will be disabled
1575882310494	addons.xpi-utils	WARN	Error: XPI database modified after shutdown began(resource://gre/modules/addons/XPIDatabase.jsm:1478:17) JS Stack trace: saveChanges@XPIDatabase.jsm:1478:17
makeAddonVisible@XPIDatabase.jsm:2281:10
addToDatabase@XPIDatabase.jsm:2208:12
install@XPIInstall.jsm:4343:27
update@XPIProvider.jsm:2042:13
1575882310494	addons.xpi-utils	WARN	Error: XPI database modified after shutdown began(resource://gre/modules/addons/XPIDatabase.jsm:1478:17) JS Stack trace: saveChanges@XPIDatabase.jsm:1478:17
addToDatabase@XPIDatabase.jsm:2211:10
install@XPIInstall.jsm:4343:27
update@XPIProvider.jsm:2042:13
1575882310513	addons.xpi	WARN	Addon with ID ddg@search.mozilla.org already installed, older version will be disabled
1575882310514	addons.xpi-utils	WARN	Error: XPI database modified after shutdown began(resource://gre/modules/addons/XPIDatabase.jsm:1478:17) JS Stack trace: saveChanges@XPIDatabase.jsm:1478:17
makeAddonVisible@XPIDatabase.jsm:2281:10
addToDatabase@XPIDatabase.jsm:2208:12
install@XPIInstall.jsm:4343:27
update@XPIProvider.jsm:2042:13
1575882310514	addons.xpi-utils	WARN	Error: XPI database modified after shutdown began(resource://gre/modules/addons/XPIDatabase.jsm:1478:17) JS Stack trace: saveChanges@XPIDatabase.jsm:1478:17
addToDatabase@XPIDatabase.jsm:2211:10
install@XPIInstall.jsm:4343:27
update@XPIProvider.jsm:2042:13
[GPU 1740,
###!!! [Child][RunMessage] Error: Channel closing: too late to send/recv, messages will be lost


###!!! [Child][MessageChannel::SendAndWait] Error: Channel error: cannot send/recv

1575883296648	mozrunner::runner	INFO	Running command: "C:\\Program Files\\Mozilla Firefox\\firefox.exe" "-marionette" "-foreground" "-no-remote" "-profile" "C:\\Users\\AARONY~1\\AppData\\Local\\Temp\\rust_mozprofileq6OKID"
1575883297097	addons.webextension.screenshots@mozilla.org	WARN	Loading extension 'screenshots@mozilla.org': Reading manifest: Invalid extension permission: mozillaAddons
1575883297098	addons.webextension.screenshots@mozilla.org	WARN	Loading extension 'screenshots@mozilla.org': Reading manifest: Invalid extension permission: telemetry
1575883297098	addons.webextension.screenshots@mozilla.org	WARN	Loading extension 'screenshots@mozilla.org': Reading manifest: Invalid extension permission: resource://pdf.js/
1575883297098	addons.webextension.screenshots@mozilla.org	WARN	Loading extension 'screenshots@mozilla.org': Reading manifest: Invalid extension permission: about:reader*
JavaScript error: resource://gre/modules/XULStore.jsm, line 66: Error: Can't find profile directory.
1575883298705	Marionette	INFO	Listening on port 51278
1575883298778	Marionette	WARN	TLS certificate errors will be ignored for this session
1575883300311	Marionette	INFO	Stopped listening on port 51278
[Parent 16140, Gecko_IOThread] WARNING: pipe error: 109: file z:/task_1575282935/build/src/ipc/chromium/src/chrome/common/ipc_channel_win.cc, line 341
[Child 6540, Chrome_ChildThread] WARNING: pipe error: 109: file z:/task_1575282935/build/src/ipc/chromium/src/chrome/common/ipc_channel_win.cc, line 341
[Child 6540[Child 15004, Chrome_ChildThread] WARNING: pipe error: 109: file z:/task_1575282935/build/src/ipc/chromium/src/chrome/common/ipc_channel_win.cc, line 341
[Child 15004, Chrome_Chi[
###!!! [Child][RunMessage] Error: Channel closing: too late to send/recv, messages will be lost

[GPU 8036
###!!! [Child][MessageChannel::SendAndWait] Error: Channel error: cannot send/recv

1575883374493	mozrunner::runner	INFO	Running command: "C:\\Program Files\\Mozilla Firefox\\firefox.exe" "-marionette" "-foreground" "-no-remote" "-profile" "C:\\Users\\AARONY~1\\AppData\\Local\\Temp\\rust_mozprofileQLhmQN"
1575883374864	addons.webextension.screenshots@mozilla.org	WARN	Loading extension 'screenshots@mozilla.org': Reading manifest: Invalid extension permission: mozillaAddons
1575883374864	addons.webextension.screenshots@mozilla.org	WARN	Loading extension 'screenshots@mozilla.org': Reading manifest: Invalid extension permission: telemetry
1575883374865	addons.webextension.screenshots@mozilla.org	WARN	Loading extension 'screenshots@mozilla.org': Reading manifest: Invalid extension permission: resource://pdf.js/
1575883374865	addons.webextension.screenshots@mozilla.org	WARN	Loading extension 'screenshots@mozilla.org': Reading manifest: Invalid extension permission: about:reader*
JavaScript error: resource://gre/modules/XULStore.jsm, line 66: Error: Can't find profile directory.
1575883376267	Marionette	INFO	Listening on port 51323
1575883376610	Marionette	WARN	TLS certificate errors will be ignored for this session
1575883378091	Marionette	INFO	Stopped listening on port 51323
[Child 11808, Chrome_ChildThread] WARNING: pipe error: 109: file z:/task_1575282935/build/src/ipc/chromium/src/chrome/common/ipc_channel_win.cc, line 341
[Child 11808, Chro[Child 10484, Chrome_ChildThread] WARNING: pipe error: 109: file z:/task_1575282935/build/src/ipc/chromium/src/chrome/common/ipc_channel_win.cc, line 341
[Child 10484, Chrome_C
###!!! [Child][RunMessage] Error: Channel closing: too late to send/recv, messages will be lost

[GPU 2229
###!!! [Child][MessageChannel::SendAndWait] Error: Channel error: cannot send/recv

1575883462679	mozrunner::runner	INFO	Running command: "C:\\Program Files\\Mozilla Firefox\\firefox.exe" "-marionette" "-foreground" "-no-remote" "-profile" "C:\\Users\\AARONY~1\\AppData\\Local\\Temp\\rust_mozprofilewwt85d"
1575883463117	addons.webextension.screenshots@mozilla.org	WARN	Loading extension 'screenshots@mozilla.org': Reading manifest: Invalid extension permission: mozillaAddons
1575883463117	addons.webextension.screenshots@mozilla.org	WARN	Loading extension 'screenshots@mozilla.org': Reading manifest: Invalid extension permission: telemetry
1575883463117	addons.webextension.screenshots@mozilla.org	WARN	Loading extension 'screenshots@mozilla.org': Reading manifest: Invalid extension permission: resource://pdf.js/
1575883463117	addons.webextension.screenshots@mozilla.org	WARN	Loading extension 'screenshots@mozilla.org': Reading manifest: Invalid extension permission: about:reader*
JavaScript error: resource://gre/modules/XULStore.jsm, line 66: Error: Can't find profile directory.
1575883464538	Marionette	INFO	Listening on port 51389
1575883464811	Marionette	WARN	TLS certificate errors will be ignored for this session
1575883466319	Marionette	INFO	Stopped listening on port 51389
[Child 11568, Chrome_ChildThread] WARNING: pipe error: 109: file z:/task_1575282935/build/src/ipc/chromium/src/chrome/common/ipc_channel_win.cc, line 341
[Child 11568, Ch[Child 19348, Chrome_ChildThread] WARNING: pipe error: 109: file z:/task_1575282935/build/src/ipc/chromium/src/chrome/common/ipc_channel_win.cc, line 341
[Child 19348, Chrom[Parent 3140, Gecko_IOThread] WARNING: pipe error: 109: file z:/task_1575282935/build/src/ipc/chromium/src/chrome/common/ipc_channel_win.cc, line 341
[
###!!! [Child][RunMessage] Error: Channel closing: too late to send/recv, messages will be lost

[GPU 4592, 
###!!! [Child][MessageChannel::SendAndWait] Error: Channel error: cannot send/recv

1575883517618	mozrunner::runner	INFO	Running command: "C:\\Program Files\\Mozilla Firefox\\firefox.exe" "-marionette" "-foreground" "-no-remote" "-profile" "C:\\Users\\AARONY~1\\AppData\\Local\\Temp\\rust_mozprofiled9mCOt"
1575883518035	addons.webextension.screenshots@mozilla.org	WARN	Loading extension 'screenshots@mozilla.org': Reading manifest: Invalid extension permission: mozillaAddons
1575883518035	addons.webextension.screenshots@mozilla.org	WARN	Loading extension 'screenshots@mozilla.org': Reading manifest: Invalid extension permission: telemetry
1575883518035	addons.webextension.screenshots@mozilla.org	WARN	Loading extension 'screenshots@mozilla.org': Reading manifest: Invalid extension permission: resource://pdf.js/
1575883518035	addons.webextension.screenshots@mozilla.org	WARN	Loading extension 'screenshots@mozilla.org': Reading manifest: Invalid extension permission: about:reader*
JavaScript error: resource://gre/modules/XULStore.jsm, line 66: Error: Can't find profile directory.
1575883519668	Marionette	INFO	Listening on port 51428
1575883519743	Marionette	WARN	TLS certificate errors will be ignored for this session
1575883521273	Marionette	INFO	Stopped listening on port 51428
[Child 15056, Chrome_ChildThread] WARNING: pipe error: 109: file z:/task_1575282935/build/src/ipc/chromium/src/chrome/common/ipc_channel_win.cc, line 341
[Child 15056, Chro
###!!! [Child][RunMessage] Error: Channel closing: too late to send/recv, messages will be lost

[GPU 17
###!!! [Child][MessageChannel::SendAndWait] Error: Channel error: cannot send/recv

1575883559241	mozrunner::runner	INFO	Running command: "C:\\Program Files\\Mozilla Firefox\\firefox.exe" "-marionette" "-foreground" "-no-remote" "-profile" "C:\\Users\\AARONY~1\\AppData\\Local\\Temp\\rust_mozprofileJU2tUQ"
1575883559630	addons.webextension.screenshots@mozilla.org	WARN	Loading extension 'screenshots@mozilla.org': Reading manifest: Invalid extension permission: mozillaAddons
1575883559630	addons.webextension.screenshots@mozilla.org	WARN	Loading extension 'screenshots@mozilla.org': Reading manifest: Invalid extension permission: telemetry
1575883559631	addons.webextension.screenshots@mozilla.org	WARN	Loading extension 'screenshots@mozilla.org': Reading manifest: Invalid extension permission: resource://pdf.js/
1575883559631	addons.webextension.screenshots@mozilla.org	WARN	Loading extension 'screenshots@mozilla.org': Reading manifest: Invalid extension permission: about:reader*
JavaScript error: resource://gre/modules/XULStore.jsm, line 66: Error: Can't find profile directory.
1575883561023	Marionette	INFO	Listening on port 51468
1575883561361	Marionette	WARN	TLS certificate errors will be ignored for this session
1575883562905	Marionette	INFO	Stopped listening on port 51468
[Child 13428, Chrome_ChildThread] WARNING: pipe error: 109: file z:/task_1575282935/build/src/ipc/chromium/src/chrome/common/ipc_channel_win.cc, line 341
[Child 13428, C[Parent 12520, Gecko_IOThread] WARNING: pipe error: 109: file z:/task_1575282935/build/src/ipc/chromium/src/chrome/common/ipc_channel_win.cc, line 341
[Child 20100, Chrome_ChildThread] WARNING: pipe error: 109: file z:/task_1575282935/build/src/ipc/chromium/src/chrome/common/ipc_channel_win.cc, line 341
[Child 20100, Chrome_Chil[Chi
###!!! [Child][RunMessage] Error: Channel closing: too late to send/recv, messages will be lost

[GPU 16880, 
###!!! [Child][MessageChannel::SendAndWait] Error: Channel error: cannot send/recv

1575883654266	mozrunner::runner	INFO	Running command: "C:\\Program Files\\Mozilla Firefox\\firefox.exe" "-marionette" "-foreground" "-no-remote" "-profile" "C:\\Users\\AARONY~1\\AppData\\Local\\Temp\\rust_mozprofileQ86z79"
1575883654633	addons.webextension.screenshots@mozilla.org	WARN	Loading extension 'screenshots@mozilla.org': Reading manifest: Invalid extension permission: mozillaAddons
1575883654633	addons.webextension.screenshots@mozilla.org	WARN	Loading extension 'screenshots@mozilla.org': Reading manifest: Invalid extension permission: telemetry
1575883654633	addons.webextension.screenshots@mozilla.org	WARN	Loading extension 'screenshots@mozilla.org': Reading manifest: Invalid extension permission: resource://pdf.js/
1575883654633	addons.webextension.screenshots@mozilla.org	WARN	Loading extension 'screenshots@mozilla.org': Reading manifest: Invalid extension permission: about:reader*
JavaScript error: resource://gre/modules/XULStore.jsm, line 66: Error: Can't find profile directory.
1575883656048	Marionette	INFO	Listening on port 51540
1575883656379	Marionette	WARN	TLS certificate errors will be ignored for this session
1575883657877	Marionette	INFO	Stopped listening on port 51540
[Child 3616, Chrome_ChildThread] WARNING: pipe error: 109: file z:/task_1575282935/build/src/ipc/chromium/src/chrome/common/ipc_channel_win.cc, line 341
[Child 3616, Chr[Child 11408, Chrome_ChildThread] WARNING: pipe error: 109: file z:/task_1575282935/build/src/ipc/chromium/src/chrome/common/ipc_channel_win.cc, line 341
[Child 11408, Chr
###!!! [Child][RunMessage] Error: Channel closing: too late to send/recv, messages will be lost

[GPU 764,
###!!! [Child][MessageChannel::SendAndWait] Error: Channel error: cannot send/recv

1575883762983	mozrunner::runner	INFO	Running command: "C:\\Program Files\\Mozilla Firefox\\firefox.exe" "-marionette" "-foreground" "-no-remote" "-profile" "C:\\Users\\AARONY~1\\AppData\\Local\\Temp\\rust_mozprofileGaQRaP"
1575883763417	addons.webextension.screenshots@mozilla.org	WARN	Loading extension 'screenshots@mozilla.org': Reading manifest: Invalid extension permission: mozillaAddons
1575883763417	addons.webextension.screenshots@mozilla.org	WARN	Loading extension 'screenshots@mozilla.org': Reading manifest: Invalid extension permission: telemetry
1575883763417	addons.webextension.screenshots@mozilla.org	WARN	Loading extension 'screenshots@mozilla.org': Reading manifest: Invalid extension permission: resource://pdf.js/
1575883763417	addons.webextension.screenshots@mozilla.org	WARN	Loading extension 'screenshots@mozilla.org': Reading manifest: Invalid extension permission: about:reader*
JavaScript error: resource://gre/modules/XULStore.jsm, line 66: Error: Can't find profile directory.
1575883764990	Marionette	INFO	Listening on port 51587
1575883765103	Marionette	WARN	TLS certificate errors will be ignored for this session
1575883766659	Marionette	INFO	Stopped listening on port 51587

###!!! [Child][RunMessage] Error: Channel closing: too late to send/recv, messages will be lost

[GPU 21100,
###!!! [Child][MessageChannel::SendAndWait] Error: Channel error: cannot send/recv

1575883811934	mozrunner::runner	INFO	Running command: "C:\\Program Files\\Mozilla Firefox\\firefox.exe" "-marionette" "-foreground" "-no-remote" "-profile" "C:\\Users\\AARONY~1\\AppData\\Local\\Temp\\rust_mozprofilePRqHEA"
1575883812369	addons.webextension.screenshots@mozilla.org	WARN	Loading extension 'screenshots@mozilla.org': Reading manifest: Invalid extension permission: mozillaAddons
1575883812370	addons.webextension.screenshots@mozilla.org	WARN	Loading extension 'screenshots@mozilla.org': Reading manifest: Invalid extension permission: telemetry
1575883812370	addons.webextension.screenshots@mozilla.org	WARN	Loading extension 'screenshots@mozilla.org': Reading manifest: Invalid extension permission: resource://pdf.js/
1575883812370	addons.webextension.screenshots@mozilla.org	WARN	Loading extension 'screenshots@mozilla.org': Reading manifest: Invalid extension permission: about:reader*
JavaScript error: resource://gre/modules/XULStore.jsm, line 66: Error: Can't find profile directory.
1575883813972	Marionette	INFO	Listening on port 51624
1575883814056	Marionette	WARN	TLS certificate errors will be ignored for this session
1575883815637	Marionette	INFO	Stopped listening on port 51624
[Child 11828, Chrome_ChildThread] WARNING: pipe error: 109: file z:/task_1575282935/build/src/ipc/chromium/src/chrome/common/ipc_channel_win.cc, line 341
[Child 11828, Ch[Child 8012, Chrome_ChildThread] WARNING: pipe error: 109: file z:/task_1575282935/build/src/ipc/chromium/src/chrome/common/ipc_channel_win.cc, line 341
[Child 8012, Chrome_[Parent 19148, Gecko_IOThread] WARNING: pipe error: 109: file z:/task_1575282935/build/src/ipc/chromium/src/chrome/common/ipc_channel_win.cc, line 341
[
###!!! [Child][RunMessage] Error: Channel closing: too late to send/recv, messages will be lost

[GPU 1504
###!!! [Child][MessageChannel::SendAndWait] Error: Channel error: cannot send/recv

1575885104906	mozrunner::runner	INFO	Running command: "C:\\Program Files\\Mozilla Firefox\\firefox.exe" "-marionette" "-foreground" "-no-remote" "-profile" "C:\\Users\\AARONY~1\\AppData\\Local\\Temp\\rust_mozprofilepiAGv5"
1575885105306	addons.webextension.screenshots@mozilla.org	WARN	Loading extension 'screenshots@mozilla.org': Reading manifest: Invalid extension permission: mozillaAddons
1575885105307	addons.webextension.screenshots@mozilla.org	WARN	Loading extension 'screenshots@mozilla.org': Reading manifest: Invalid extension permission: telemetry
1575885105307	addons.webextension.screenshots@mozilla.org	WARN	Loading extension 'screenshots@mozilla.org': Reading manifest: Invalid extension permission: resource://pdf.js/
1575885105307	addons.webextension.screenshots@mozilla.org	WARN	Loading extension 'screenshots@mozilla.org': Reading manifest: Invalid extension permission: about:reader*
JavaScript error: resource://gre/modules/XULStore.jsm, line 66: Error: Can't find profile directory.
1575885106961	Marionette	INFO	Listening on port 51897
1575885107023	Marionette	WARN	TLS certificate errors will be ignored for this session
1575885108507	Marionette	INFO	Stopped listening on port 51897
[Child 4996, Chrome_ChildThread] WARNING: pipe error: 109: file z:/task_1575282935/build/src/ipc/chromium/src/chrome/common/ipc_channel_win.cc, line 341
[Child 4996, Chr[Child 2152, Chrome_ChildThread] WARNING: pipe error: 109: file z:/task_1575282935/build/src/ipc/chromium/src/chrome/common/ipc_channel_win.cc, line 341
[Child 2152, Ch[GPU 7016, Ch
###!!! [Child][RunMessage] Error: Channel closing: too late to send/recv, messages will be lost


###!!! [Child][MessageChannel::SendAndWait] Error: Channel error: cannot send/recv

1575885696668	mozrunner::runner	INFO	Running command: "C:\\Program Files\\Mozilla Firefox\\firefox.exe" "-marionette" "-foreground" "-no-remote" "-profile" "C:\\Users\\AARONY~1\\AppData\\Local\\Temp\\rust_mozprofileegcsDC"
1575885697039	addons.webextension.screenshots@mozilla.org	WARN	Loading extension 'screenshots@mozilla.org': Reading manifest: Invalid extension permission: mozillaAddons
1575885697039	addons.webextension.screenshots@mozilla.org	WARN	Loading extension 'screenshots@mozilla.org': Reading manifest: Invalid extension permission: telemetry
1575885697039	addons.webextension.screenshots@mozilla.org	WARN	Loading extension 'screenshots@mozilla.org': Reading manifest: Invalid extension permission: resource://pdf.js/
1575885697039	addons.webextension.screenshots@mozilla.org	WARN	Loading extension 'screenshots@mozilla.org': Reading manifest: Invalid extension permission: about:reader*
JavaScript error: resource://gre/modules/XULStore.jsm, line 66: Error: Can't find profile directory.
1575885698660	Marionette	INFO	Listening on port 52085
1575885698794	Marionette	WARN	TLS certificate errors will be ignored for this session
1575885700328	Marionette	INFO	Stopped listening on port 52085
[Child 21956, Chrome_ChildThread] WARNING: pipe error: 109: file z:/task_1575282935/build/src/ipc/chromium/src/chrome/common/ipc_channel_win.cc, line 341
[Child 21956, Chrome_ChildT[Child 11460, Chrome_ChildThread] WARNING: pipe error: 109: file z:/task_1575282935/build/src/ipc/chromium/src/chrome/common/ipc_channel_win.cc, line 341
[Child 11460, Chrome_Chi[Child 7408, Chrome_ChildThread] WARNING: pipe error: 109: file z:/task_1575282935/build/src/ipc/chromium/src/chrome/common/ipc_channel_win.cc, line 341
[Child 7408,
###!!! [Child][RunMessage] Error: Channel closing: too late to send/recv, messages will be lost

[GPU 4348, 
###!!! [Child][MessageChannel::SendAndWait] Error: Channel error: cannot send/recv

1575885791831	mozrunner::runner	INFO	Running command: "C:\\Program Files\\Mozilla Firefox\\firefox.exe" "-marionette" "-foreground" "-no-remote" "-profile" "C:\\Users\\AARONY~1\\AppData\\Local\\Temp\\rust_mozprofileahorRv"
1575885792233	addons.webextension.screenshots@mozilla.org	WARN	Loading extension 'screenshots@mozilla.org': Reading manifest: Invalid extension permission: mozillaAddons
1575885792234	addons.webextension.screenshots@mozilla.org	WARN	Loading extension 'screenshots@mozilla.org': Reading manifest: Invalid extension permission: telemetry
1575885792234	addons.webextension.screenshots@mozilla.org	WARN	Loading extension 'screenshots@mozilla.org': Reading manifest: Invalid extension permission: resource://pdf.js/
1575885792234	addons.webextension.screenshots@mozilla.org	WARN	Loading extension 'screenshots@mozilla.org': Reading manifest: Invalid extension permission: about:reader*
JavaScript error: resource://gre/modules/XULStore.jsm, line 66: Error: Can't find profile directory.
1575885793656	Marionette	INFO	Listening on port 52130
1575885793961	Marionette	WARN	TLS certificate errors will be ignored for this session
1575885796545	Marionette	INFO	Stopped listening on port 52130
[Child 19804, Chrome_ChildThread] WARNING: pipe error: 109: file z:/task_1575282935/build/src/ipc/chromium/src/chrome/common/ipc_channel_win.cc, line 341
[Child 19804, Chrome_ChildThrea[Parent 16424, Gecko_IOThread] WARNING: pipe error: 109: file z:/task_1575282935/build/src/ipc/chromium/src/chrome/common/ipc_channel_win.cc, line 341

###!!! [Child][RunMessage] Error: Channel closing: too late to send/recv, messages will be lost

[GPU
###!!! [Child][MessageChannel::SendAndWait] Error: Channel error: cannot send/recv

1575885950147	mozrunner::runner	INFO	Running command: "C:\\Program Files\\Mozilla Firefox\\firefox.exe" "-marionette" "-foreground" "-no-remote" "-profile" "C:\\Users\\AARONY~1\\AppData\\Local\\Temp\\rust_mozprofile0unurq"
1575885950605	addons.webextension.screenshots@mozilla.org	WARN	Loading extension 'screenshots@mozilla.org': Reading manifest: Invalid extension permission: mozillaAddons
1575885950605	addons.webextension.screenshots@mozilla.org	WARN	Loading extension 'screenshots@mozilla.org': Reading manifest: Invalid extension permission: telemetry
1575885950605	addons.webextension.screenshots@mozilla.org	WARN	Loading extension 'screenshots@mozilla.org': Reading manifest: Invalid extension permission: resource://pdf.js/
1575885950605	addons.webextension.screenshots@mozilla.org	WARN	Loading extension 'screenshots@mozilla.org': Reading manifest: Invalid extension permission: about:reader*
JavaScript error: resource://gre/modules/XULStore.jsm, line 66: Error: Can't find profile directory.
1575885952232	Marionette	INFO	Listening on port 52209
1575885952271	Marionette	WARN	TLS certificate errors will be ignored for this session
1575885954867	Marionette	INFO	Stopped listening on port 52209
[Parent 20824, Gecko_IOThread] WARNING: pipe error: 109: file z:/task_1575282935/build/src/ipc/chromium/src/chrome/common/ipc_channel_win.cc, line 341
[Child 532, Chrome_ChildThread] WARNING: pipe error: 109: file z:/task_1575282935/build/src/ipc/chromium/src/chrome/common/ipc_channel_win.cc, line 341
[Child 532, Chro[Child 18284, Chrome_ChildThread] WARNING: pipe error: 109: file z:/task_1575282935/build/src/ipc/chromium/src/chrome/common/ipc_channel_win.cc, line 341
[Child 1828[
###!!! [Child][RunMessage] Error: Channel closing: too late to send/recv, messages will be lost

[GPU 1769
###!!! [Child][MessageChannel::SendAndWait] Error: Channel error: cannot send/recv

1575886122779	mozrunner::runner	INFO	Running command: "C:\\Program Files\\Mozilla Firefox\\firefox.exe" "-marionette" "-foreground" "-no-remote" "-profile" "C:\\Users\\AARONY~1\\AppData\\Local\\Temp\\rust_mozprofilexGWgN9"
1575886123135	addons.webextension.screenshots@mozilla.org	WARN	Loading extension 'screenshots@mozilla.org': Reading manifest: Invalid extension permission: mozillaAddons
1575886123135	addons.webextension.screenshots@mozilla.org	WARN	Loading extension 'screenshots@mozilla.org': Reading manifest: Invalid extension permission: telemetry
1575886123136	addons.webextension.screenshots@mozilla.org	WARN	Loading extension 'screenshots@mozilla.org': Reading manifest: Invalid extension permission: resource://pdf.js/
1575886123136	addons.webextension.screenshots@mozilla.org	WARN	Loading extension 'screenshots@mozilla.org': Reading manifest: Invalid extension permission: about:reader*
JavaScript error: resource://gre/modules/XULStore.jsm, line 66: Error: Can't find profile directory.
1575886124493	Marionette	INFO	Listening on port 52270
1575886124898	Marionette	WARN	TLS certificate errors will be ignored for this session
1575886126363	Marionette	INFO	Stopped listening on port 52270
[Child 20888, Chrome_ChildThread] WARNING: pipe error: 109: file z:/task_1575282935/build/src/ipc/chromium/src/chrome/common/ipc_channel_win.cc, line 341
[Child 20888, Ch[Child 15364, Chrome_ChildThread] WARNING: pipe error: 109: file z:/task_1575282935/build/src/ipc/chromium/src/chrome/common/ipc_channel_win.cc, line 341
[Child 15364, Chrome_
###!!! [Child][RunMessage] Error: Channel closing: too late to send/recv, messages will be lost

[GP
###!!! [Child][MessageChannel::SendAndWait] Error: Channel error: cannot send/recv

1575886154254	mozrunner::runner	INFO	Running command: "C:\\Program Files\\Mozilla Firefox\\firefox.exe" "-marionette" "-foreground" "-no-remote" "-profile" "C:\\Users\\AARONY~1\\AppData\\Local\\Temp\\rust_mozprofiledgpMyo"
1575886154652	addons.webextension.screenshots@mozilla.org	WARN	Loading extension 'screenshots@mozilla.org': Reading manifest: Invalid extension permission: mozillaAddons
1575886154652	addons.webextension.screenshots@mozilla.org	WARN	Loading extension 'screenshots@mozilla.org': Reading manifest: Invalid extension permission: telemetry
1575886154652	addons.webextension.screenshots@mozilla.org	WARN	Loading extension 'screenshots@mozilla.org': Reading manifest: Invalid extension permission: resource://pdf.js/
1575886154652	addons.webextension.screenshots@mozilla.org	WARN	Loading extension 'screenshots@mozilla.org': Reading manifest: Invalid extension permission: about:reader*
JavaScript error: resource://gre/modules/XULStore.jsm, line 66: Error: Can't find profile directory.
1575886156510	Marionette	INFO	Listening on port 52314
1575886156971	Marionette	WARN	TLS certificate errors will be ignored for this session
1575886159618	Marionette	INFO	Stopped listening on port 52314
[Child 1120, Chrome_ChildThread] WARNING: pipe error: 109: file z:/task_1575282935/build/src/ipc/chromium/src/chrome/common/ipc_channel_win.cc, line 341
[Child 1120, Chro[Child 10180, Chrome_ChildThread] WARNING: pipe error: 109: file z:/task_1575282935/build/src/ipc/chromium/src/chrome/common/ipc_channel_win.cc, line 341
[Child 10180, Chrome_ChildThread] WARNI[
###!!! [Child][RunMessage] Error: Channel closing: too late to send/recv, messages will be lost

[GPU 5288,
###!!! [Child][MessageChannel::SendAndWait] Error: Channel error: cannot send/recv

1575886365714	mozrunner::runner	INFO	Running command: "C:\\Program Files\\Mozilla Firefox\\firefox.exe" "-marionette" "-foreground" "-no-remote" "-profile" "C:\\Users\\AARONY~1\\AppData\\Local\\Temp\\rust_mozprofileCaWCL5"
1575886366159	addons.webextension.screenshots@mozilla.org	WARN	Loading extension 'screenshots@mozilla.org': Reading manifest: Invalid extension permission: mozillaAddons
1575886366159	addons.webextension.screenshots@mozilla.org	WARN	Loading extension 'screenshots@mozilla.org': Reading manifest: Invalid extension permission: telemetry
1575886366159	addons.webextension.screenshots@mozilla.org	WARN	Loading extension 'screenshots@mozilla.org': Reading manifest: Invalid extension permission: resource://pdf.js/
1575886366159	addons.webextension.screenshots@mozilla.org	WARN	Loading extension 'screenshots@mozilla.org': Reading manifest: Invalid extension permission: about:reader*
JavaScript error: resource://gre/modules/XULStore.jsm, line 66: Error: Can't find profile directory.
1575886367595	Marionette	INFO	Listening on port 52389
1575886367841	Marionette	WARN	TLS certificate errors will be ignored for this session
1575886369360	Marionette	INFO	Stopped listening on port 52389
[Child 13452, Chrome_ChildThread] WARNING: pipe error: 109: file z:/task_1575282935/build/src/ipc/chromium/src/chrome/common/ipc_channel_win.cc, line 341
[Child 13452, [Child 15556, Chrome_ChildThread] WARNING: pipe error: 109: file z:/task_1575282935/build/src/ipc/chromium/src/chrome/common/ipc_channel_win.cc, line 341
[Child 15556, Chrome_C
###!!! [Child][RunMessage] Error: Channel closing: too late to send/recv, messages will be lost

[G
###!!! [Child][MessageChannel::SendAndWait] Error: Channel error: cannot send/recv

1575886395466	mozrunner::runner	INFO	Running command: "C:\\Program Files\\Mozilla Firefox\\firefox.exe" "-marionette" "-foreground" "-no-remote" "-profile" "C:\\Users\\AARONY~1\\AppData\\Local\\Temp\\rust_mozprofileKYcI76"
1575886395822	addons.webextension.screenshots@mozilla.org	WARN	Loading extension 'screenshots@mozilla.org': Reading manifest: Invalid extension permission: mozillaAddons
1575886395823	addons.webextension.screenshots@mozilla.org	WARN	Loading extension 'screenshots@mozilla.org': Reading manifest: Invalid extension permission: telemetry
1575886395823	addons.webextension.screenshots@mozilla.org	WARN	Loading extension 'screenshots@mozilla.org': Reading manifest: Invalid extension permission: resource://pdf.js/
1575886395823	addons.webextension.screenshots@mozilla.org	WARN	Loading extension 'screenshots@mozilla.org': Reading manifest: Invalid extension permission: about:reader*
JavaScript error: resource://gre/modules/XULStore.jsm, line 66: Error: Can't find profile directory.
1575886397314	Marionette	INFO	Listening on port 52429
1575886397580	Marionette	WARN	TLS certificate errors will be ignored for this session
1575886400130	Marionette	INFO	Stopped listening on port 52429
[Parent 17892, Gecko_IOThread] WARNING: pipe error: 109: file z:/task_1575282935/build/src/ipc/chromium/src/chrome/common/ipc_channel_win.cc, line 341
[Child 3616, Chrome_ChildThread] WARNING: pipe error: 109: file z:/task_1575282935/build/src/ipc/chromium/src/chrome/common/ipc_channel_win.cc, line 341
[Child [Child 22264, Chrome_ChildThread] WARNING: pipe error: 109: file z:/task_1575282935/build/src/ipc/chromium/src/chrome/common/ipc_channel_win.cc, line 341
[Child 22264, Chrom[
###!!! [Child][RunMessage] Error: Channel closing: too late to send/recv, messages will be lost

[GPU 5272,
###!!! [Child][MessageChannel::SendAndWait] Error: Channel error: cannot send/recv

1575886461998	mozrunner::runner	INFO	Running command: "C:\\Program Files\\Mozilla Firefox\\firefox.exe" "-marionette" "-foreground" "-no-remote" "-profile" "C:\\Users\\AARONY~1\\AppData\\Local\\Temp\\rust_mozprofile37RBw2"
1575886462372	addons.webextension.screenshots@mozilla.org	WARN	Loading extension 'screenshots@mozilla.org': Reading manifest: Invalid extension permission: mozillaAddons
1575886462372	addons.webextension.screenshots@mozilla.org	WARN	Loading extension 'screenshots@mozilla.org': Reading manifest: Invalid extension permission: telemetry
1575886462372	addons.webextension.screenshots@mozilla.org	WARN	Loading extension 'screenshots@mozilla.org': Reading manifest: Invalid extension permission: resource://pdf.js/
1575886462372	addons.webextension.screenshots@mozilla.org	WARN	Loading extension 'screenshots@mozilla.org': Reading manifest: Invalid extension permission: about:reader*
JavaScript error: resource://gre/modules/XULStore.jsm, line 66: Error: Can't find profile directory.
1575886463763	Marionette	INFO	Listening on port 52490
1575886464112	Marionette	WARN	TLS certificate errors will be ignored for this session
1575886465599	Marionette	INFO	Stopped listening on port 52490
[Child 3844, Chrome_ChildThread] WARNING: pipe error: 109: file z:/task_1575282935/build/src/ipc/chromium/src/chrome/common/ipc_channel_win.cc, line 341
[Child 3844, Chr[Child 15628, Chrome_ChildThread] WARNING: pipe error: 109: file z:/task_1575282935/build/src/ipc/chromium/src/chrome/common/ipc_channel_win.cc, line 341
[Child 15628, Chrome_ChildT
###!!! [Child][RunMessage] Error: Channel closing: too late to send/recv, messages will be lost

[GP
###!!! [Child][MessageChannel::SendAndWait] Error: Channel error: cannot send/recv

